  main.cpp
c:\users\abraham\desktop\csc326\garage\garage\arraystack.cpp(78): error C2678: binary '==': no operator found which takes a left-hand operand of type 'Car' (or there is no acceptable conversion)
  c:\users\abraham\desktop\csc326\garage\garage\car.h(25): note: could be 'bool Car::operator ==(Car &)'
  c:\program files (x86)\microsoft visual studio 14.0\vc\include\system_error(389): note: or       'bool std::operator ==(const std::error_condition &,const std::error_condition &) noexcept'
  c:\program files (x86)\microsoft visual studio 14.0\vc\include\system_error(381): note: or       'bool std::operator ==(const std::error_condition &,const std::error_code &) noexcept'
  c:\program files (x86)\microsoft visual studio 14.0\vc\include\system_error(373): note: or       'bool std::operator ==(const std::error_code &,const std::error_condition &) noexcept'
  c:\program files (x86)\microsoft visual studio 14.0\vc\include\system_error(365): note: or       'bool std::operator ==(const std::error_code &,const std::error_code &) noexcept'
  c:\program files (x86)\microsoft visual studio 14.0\vc\include\exception(339): note: or       'bool std::operator ==(const std::exception_ptr &,std::nullptr_t) throw()'
  c:\program files (x86)\microsoft visual studio 14.0\vc\include\exception(334): note: or       'bool std::operator ==(std::nullptr_t,const std::exception_ptr &) throw()'
  c:\program files (x86)\microsoft visual studio 14.0\vc\include\exception(329): note: or       'bool std::operator ==(const std::exception_ptr &,const std::exception_ptr &) throw()'
  c:\users\abraham\desktop\csc326\garage\garage\arraystack.cpp(78): note: while trying to match the argument list '(Car, const Car)'
  c:\users\abraham\desktop\csc326\garage\garage\arraystack.cpp(76): note: while compiling class template member function 'bool ArrayStack<Car>::search(const ItemType &)'
          with
          [
              ItemType=Car
          ]
  c:\users\abraham\desktop\csc326\garage\garage\garage.cpp(109): note: see reference to function template instantiation 'bool ArrayStack<Car>::search(const ItemType &)' being compiled
          with
          [
              ItemType=Car
          ]
  c:\users\abraham\desktop\csc326\garage\garage\garage.h(11): note: see reference to class template instantiation 'ArrayStack<Car>' being compiled
